{
  "RSpec": {
    "coverage": {
      "/home/roman/portfolio/items_api/config/environment.rb": {
        "lines": [
          null,
          1,
          null,
          null,
          1
        ]
      },
      "/home/roman/portfolio/items_api/config/application.rb": {
        "lines": [
          1,
          null,
          1,
          null,
          null,
          null,
          1,
          null,
          1,
          1,
          null,
          1,
          null,
          4,
          null,
          null,
          null,
          null,
          null,
          null,
          null,
          null,
          null
        ]
      },
      "/home/roman/portfolio/items_api/config/boot.rb": {
        "lines": [
          1,
          null,
          1,
          1
        ]
      },
      "/home/roman/portfolio/items_api/app/interactors/sale.rb": {
        "lines": [
          1,
          1,
          1,
          1,
          null,
          null,
          1,
          1,
          null,
          null
        ]
      },
      "/home/roman/portfolio/items_api/app/interactors/tokens_creator.rb": {
        "lines": [
          1,
          1,
          53,
          null,
          null,
          null,
          null,
          null,
          null,
          null,
          null,
          1,
          53,
          53,
          null,
          null,
          null,
          null,
          null,
          53,
          null,
          null,
          1,
          null,
          1,
          53,
          53,
          null,
          53,
          530,
          null,
          null,
          53,
          null,
          null
        ]
      },
      "/home/roman/portfolio/items_api/app/interactors/years_user.rb": {
        "lines": [
          1,
          1,
          1,
          1,
          null,
          null,
          1,
          1,
          null,
          null
        ]
      },
      "/home/roman/portfolio/items_api/config/environments/test.rb": {
        "lines": [
          1,
          null,
          null,
          null,
          null,
          null,
          null,
          1,
          null,
          null,
          1,
          1,
          null,
          null,
          null,
          null,
          1,
          null,
          null,
          1,
          1,
          null,
          null,
          null,
          null,
          1,
          1,
          1,
          null,
          null,
          1,
          null,
          null,
          1,
          null,
          null,
          1,
          null,
          1,
          null,
          null,
          null,
          null,
          1,
          null,
          null,
          1,
          null,
          null,
          1,
          null,
          null,
          1,
          null,
          null,
          null,
          null,
          null,
          null,
          null
        ]
      },
      "/home/roman/portfolio/items_api/config/initializers/application_controller_renderer.rb": {
        "lines": [
          null,
          null,
          null,
          null,
          null,
          null,
          null,
          null
        ]
      },
      "/home/roman/portfolio/items_api/config/initializers/assets.rb": {
        "lines": [
          null,
          null,
          null,
          1,
          null,
          null,
          null,
          null,
          1,
          null,
          null,
          null,
          null,
          null
        ]
      },
      "/home/roman/portfolio/items_api/config/initializers/backtrace_silencers.rb": {
        "lines": [
          null,
          null,
          null,
          null,
          null,
          null,
          null,
          1
        ]
      },
      "/home/roman/portfolio/items_api/config/initializers/content_security_policy.rb": {
        "lines": [
          null,
          null,
          null,
          null,
          null,
          null,
          null,
          null,
          null,
          null,
          null,
          null,
          null,
          null,
          null,
          null,
          null,
          null,
          null,
          null,
          null,
          null,
          null,
          null,
          null,
          null,
          null,
          null,
          null,
          null
        ]
      },
      "/home/roman/portfolio/items_api/config/initializers/cookies_serializer.rb": {
        "lines": [
          null,
          null,
          null,
          null,
          1
        ]
      },
      "/home/roman/portfolio/items_api/config/initializers/filter_parameter_logging.rb": {
        "lines": [
          null,
          null,
          null,
          1,
          null,
          null
        ]
      },
      "/home/roman/portfolio/items_api/config/initializers/inflections.rb": {
        "lines": [
          null,
          null,
          null,
          null,
          null,
          null,
          null,
          null,
          null,
          null,
          null,
          null,
          null,
          null,
          null,
          null
        ]
      },
      "/home/roman/portfolio/items_api/config/initializers/mime_types.rb": {
        "lines": [
          null,
          null,
          null,
          null
        ]
      },
      "/home/roman/portfolio/items_api/config/initializers/permissions_policy.rb": {
        "lines": [
          null,
          null,
          null,
          null,
          null,
          null,
          null,
          null,
          null,
          null,
          null
        ]
      },
      "/home/roman/portfolio/items_api/config/initializers/wrap_parameters.rb": {
        "lines": [
          null,
          null,
          null,
          null,
          null,
          null,
          1,
          2,
          null,
          null,
          null,
          null,
          null,
          null
        ]
      },
      "/home/roman/portfolio/items_api/spec/factories/items.rb": {
        "lines": [
          1,
          1,
          1,
          19,
          23,
          null,
          null
        ]
      },
      "/home/roman/portfolio/items_api/spec/factories/roles.rb": {
        "lines": [
          1,
          1,
          20,
          null,
          null
        ]
      },
      "/home/roman/portfolio/items_api/spec/factories/tokens.rb": {
        "lines": [
          1,
          1,
          1,
          1,
          1,
          null,
          null
        ]
      },
      "/home/roman/portfolio/items_api/spec/factories/user_roles.rb": {
        "lines": [
          1,
          1,
          1,
          1,
          null,
          null
        ]
      },
      "/home/roman/portfolio/items_api/spec/factories/users.rb": {
        "lines": [
          1,
          1,
          146,
          154,
          154,
          153,
          null,
          null
        ]
      },
      "/home/roman/portfolio/items_api/config/routes.rb": {
        "lines": [
          1,
          1,
          1,
          null,
          null,
          1,
          null
        ]
      },
      "/home/roman/portfolio/items_api/app/helpers/application_helper.rb": {
        "lines": [
          1,
          null
        ]
      },
      "/home/roman/portfolio/items_api/app/helpers/items_helper.rb": {
        "lines": [
          1,
          null
        ]
      },
      "/home/roman/portfolio/items_api/app/helpers/sessions_helper.rb": {
        "lines": [
          1,
          null
        ]
      },
      "/home/roman/portfolio/items_api/app/helpers/users_helper.rb": {
        "lines": [
          1,
          null
        ]
      },
      "/home/roman/portfolio/items_api/spec/support/requests_helper.rb": {
        "lines": [
          1,
          null,
          1,
          1,
          null,
          1,
          35,
          null,
          null,
          1,
          4,
          null,
          null,
          null,
          1,
          1,
          null
        ]
      },
      "/home/roman/portfolio/items_api/spec/interactors/tokens_creator_spec.rb": {
        "lines": [
          1,
          null,
          1,
          2,
          2,
          null,
          1,
          1,
          1,
          null,
          1,
          null,
          null
        ]
      },
      "/home/roman/portfolio/items_api/spec/interactors/years_user_spec.rb": {
        "lines": [
          1,
          null,
          1,
          2,
          2,
          null,
          1,
          1,
          null,
          1,
          null,
          null
        ]
      },
      "/home/roman/portfolio/items_api/spec/models/item_spec.rb": {
        "lines": [
          1,
          null,
          1,
          4,
          2,
          null,
          1,
          1,
          null,
          null,
          1,
          2,
          null,
          1,
          1,
          null,
          null,
          null,
          1,
          2,
          2,
          null,
          1,
          1,
          null,
          null,
          null
        ]
      },
      "/home/roman/portfolio/items_api/app/models/item.rb": {
        "lines": [
          1,
          1,
          1,
          null,
          1,
          null
        ]
      },
      "/home/roman/portfolio/items_api/app/models/application_record.rb": {
        "lines": [
          1,
          1,
          null
        ]
      },
      "/home/roman/portfolio/items_api/spec/models/user_spec.rb": {
        "lines": [
          1,
          null,
          1,
          2,
          null,
          1,
          1,
          null,
          null,
          1,
          2,
          null,
          1,
          1,
          null,
          null,
          null,
          1,
          2,
          2,
          null,
          1,
          1,
          null,
          null,
          null
        ]
      },
      "/home/roman/portfolio/items_api/app/models/user.rb": {
        "lines": [
          1,
          1,
          null,
          1,
          1,
          1,
          null,
          1,
          1,
          1,
          1,
          null,
          1,
          4,
          null,
          null
        ]
      },
      "/home/roman/portfolio/items_api/spec/requests/items_spec.rb": {
        "lines": [
          1,
          null,
          1,
          23,
          23,
          null,
          1,
          3,
          null,
          3,
          null,
          1,
          1,
          null,
          null,
          1,
          1,
          null,
          null,
          null,
          1,
          1,
          3,
          null,
          3,
          null,
          1,
          1,
          null,
          null,
          1,
          1,
          null,
          null,
          null,
          1,
          3,
          null,
          3,
          null,
          1,
          1,
          null,
          null,
          1,
          1,
          null,
          null,
          null,
          null,
          null,
          1,
          1,
          5,
          null,
          1,
          4,
          null,
          null,
          null,
          null,
          1,
          3,
          null,
          1,
          1,
          null,
          null,
          1,
          1,
          null,
          null,
          null,
          1,
          3,
          null,
          1,
          1,
          null,
          null,
          1,
          1,
          null,
          null,
          null,
          null,
          1,
          2,
          null,
          1,
          1,
          null,
          null,
          1,
          1,
          null,
          null,
          null,
          null,
          1,
          8,
          6,
          null,
          1,
          1,
          5,
          null,
          1,
          4,
          null,
          null,
          null,
          null,
          1,
          1,
          1,
          null,
          null,
          1,
          1,
          1,
          null,
          null,
          null,
          1,
          3,
          3,
          null,
          1,
          1,
          null,
          null,
          1,
          1,
          null,
          null,
          null,
          null,
          1,
          2,
          null,
          1,
          1,
          null,
          null,
          null,
          null,
          1,
          1,
          null,
          null,
          null,
          null,
          1,
          3,
          3,
          null,
          1,
          2,
          null,
          null,
          null,
          null,
          1,
          1,
          null,
          null,
          1,
          1,
          null,
          null,
          null,
          null,
          1,
          1,
          4,
          null,
          1,
          2,
          null,
          1,
          1,
          null,
          null,
          null,
          1,
          1,
          null,
          null,
          null,
          1,
          3,
          null,
          1,
          2,
          null,
          null,
          null,
          1,
          1,
          null,
          null,
          1,
          1,
          null,
          null,
          null,
          null,
          1,
          2,
          2,
          null,
          1,
          1,
          null,
          null,
          null,
          1,
          1,
          null,
          null,
          null,
          null
        ]
      },
      "/home/roman/portfolio/items_api/app/controllers/items_controller.rb": {
        "lines": [
          1,
          1,
          null,
          1,
          1,
          1,
          null,
          1,
          null,
          2,
          null,
          2,
          null,
          null,
          1,
          null,
          2,
          null,
          null,
          1,
          null,
          4,
          null,
          4,
          2,
          null,
          2,
          null,
          null,
          null,
          1,
          5,
          null,
          4,
          2,
          null,
          2,
          null,
          null,
          null,
          1,
          2,
          null,
          1,
          null,
          1,
          null,
          null,
          1,
          null,
          1,
          8,
          null,
          null,
          1,
          15,
          15,
          null,
          null,
          1,
          22,
          null,
          null,
          null
        ]
      },
      "/home/roman/portfolio/items_api/app/controllers/application_controller.rb": {
        "lines": [
          1,
          1,
          1,
          1,
          null,
          1,
          null,
          1,
          null,
          1,
          16,
          null,
          null,
          1,
          0,
          null,
          null,
          1,
          18,
          null,
          null,
          1,
          71,
          null,
          null
        ]
      },
      "/home/roman/portfolio/items_api/app/controllers/concerns/access_handler.rb": {
        "lines": [
          1,
          null,
          1,
          null,
          1,
          56,
          null,
          null,
          1,
          null,
          1,
          56,
          55,
          null,
          48,
          null,
          null,
          1,
          48,
          48,
          null,
          48,
          null,
          null,
          48,
          null,
          null,
          1,
          48,
          null,
          48,
          48,
          null,
          0,
          null,
          null,
          null,
          1,
          48,
          48,
          null,
          0,
          null,
          null
        ]
      },
      "/home/roman/portfolio/items_api/app/controllers/concerns/items_policy.rb": {
        "lines": [
          1,
          null,
          1,
          null,
          1,
          7,
          null,
          7,
          7,
          null,
          2,
          null,
          null
        ]
      },
      "/home/roman/portfolio/items_api/spec/requests/sessions_spec.rb": {
        "lines": [
          1,
          null,
          1,
          1,
          5,
          null,
          1,
          4,
          null,
          null,
          1,
          3,
          null,
          1,
          1,
          null,
          null,
          1,
          1,
          null,
          1,
          null,
          null,
          null,
          1,
          3,
          null,
          1,
          1,
          null,
          null,
          1,
          1,
          null,
          null,
          null,
          null,
          null
        ]
      },
      "/home/roman/portfolio/items_api/app/controllers/sessions_controller.rb": {
        "lines": [
          1,
          1,
          4,
          null,
          4,
          2,
          null,
          2,
          null,
          null,
          null,
          1,
          null,
          1,
          8,
          null,
          null
        ]
      },
      "/home/roman/portfolio/items_api/spec/requests/users_spec.rb": {
        "lines": [
          1,
          null,
          1,
          1,
          7,
          7,
          7,
          5,
          null,
          1,
          3,
          null,
          1,
          2,
          null,
          null,
          null,
          1,
          1,
          null,
          null,
          1,
          1,
          1,
          1,
          null,
          null,
          null,
          1,
          1,
          2,
          null,
          null,
          null,
          1,
          1,
          null,
          null,
          1,
          1,
          null,
          null,
          null,
          1,
          3,
          null,
          1,
          2,
          null,
          null,
          null,
          1,
          1,
          null,
          null,
          1,
          1,
          null,
          null,
          null,
          null,
          1,
          15,
          15,
          null,
          1,
          5,
          5,
          5,
          null,
          1,
          4,
          null,
          null,
          null,
          1,
          3,
          null,
          1,
          1,
          null,
          null,
          1,
          1,
          null,
          null,
          null,
          1,
          3,
          null,
          1,
          1,
          null,
          null,
          1,
          1,
          null,
          null,
          null,
          null,
          1,
          5,
          5,
          5,
          null,
          1,
          4,
          null,
          null,
          null,
          1,
          3,
          null,
          1,
          1,
          null,
          null,
          1,
          1,
          null,
          null,
          null,
          1,
          3,
          null,
          1,
          1,
          null,
          null,
          1,
          1,
          null,
          null,
          null,
          null,
          1,
          5,
          5,
          5,
          null,
          1,
          4,
          null,
          null,
          null,
          1,
          3,
          null,
          1,
          1,
          null,
          null,
          1,
          1,
          null,
          null,
          null,
          1,
          3,
          null,
          1,
          1,
          null,
          null,
          1,
          1,
          null,
          null,
          null,
          null,
          1,
          3,
          null,
          1,
          2,
          null,
          null,
          null,
          1,
          3,
          null,
          1,
          1,
          null,
          null,
          1,
          1,
          null,
          null,
          null,
          null,
          null,
          1,
          1,
          5,
          null,
          null,
          1,
          4,
          null,
          1,
          1,
          null,
          null,
          1,
          1,
          null,
          null,
          1,
          1,
          null,
          null,
          null,
          1,
          3,
          null,
          1,
          1,
          null,
          null,
          1,
          1,
          null,
          null,
          null,
          null,
          1,
          19,
          19,
          10,
          8,
          null,
          1,
          8,
          null,
          1,
          7,
          null,
          null,
          null,
          null,
          1,
          4,
          null,
          1,
          1,
          null,
          null,
          1,
          1,
          null,
          null,
          1,
          1,
          null,
          null,
          null,
          1,
          3,
          null,
          1,
          1,
          null,
          null,
          1,
          1,
          null,
          null,
          null,
          null,
          1,
          3,
          3,
          null,
          1,
          2,
          null,
          null,
          null,
          null,
          1,
          1,
          null,
          null,
          1,
          1,
          null,
          null,
          null,
          null,
          1,
          8,
          8,
          6,
          8,
          6,
          null,
          1,
          7,
          null,
          null,
          null,
          null,
          1,
          1,
          1,
          null,
          null,
          1,
          1,
          null,
          null,
          1,
          1,
          null,
          null,
          null,
          1,
          3,
          null,
          1,
          1,
          null,
          null,
          1,
          1,
          null,
          null,
          null,
          1,
          3,
          null,
          1,
          1,
          null,
          null,
          1,
          1,
          null,
          null,
          null,
          null,
          1,
          3,
          3,
          3,
          3,
          3,
          null,
          1,
          2,
          null,
          null,
          null,
          null,
          1,
          1,
          1,
          null,
          null,
          1,
          1,
          null,
          null,
          null,
          null,
          1,
          3,
          3,
          null,
          1,
          2,
          null,
          null,
          null,
          null,
          1,
          3,
          1,
          1,
          null,
          null,
          1,
          1,
          null,
          null,
          null,
          null,
          null,
          1,
          null,
          5,
          5,
          null,
          1,
          2,
          2,
          2,
          null,
          1,
          1,
          null,
          null,
          null,
          1,
          1,
          1,
          null,
          null,
          null,
          null,
          1,
          2,
          2,
          2,
          null,
          1,
          1,
          null,
          null,
          null,
          1,
          1,
          1,
          null,
          null,
          null,
          null,
          1,
          2,
          2,
          2,
          null,
          1,
          1,
          null,
          null,
          null,
          1,
          1,
          1,
          null,
          null,
          null,
          null,
          1,
          2,
          null,
          1,
          1,
          null,
          null,
          null,
          1,
          1,
          1,
          null,
          null,
          null,
          null,
          null
        ]
      },
      "/home/roman/portfolio/items_api/app/controllers/users_controller.rb": {
        "lines": [
          1,
          1,
          null,
          1,
          1,
          null,
          1,
          4,
          2,
          null,
          2,
          null,
          null,
          1,
          6,
          null,
          4,
          null,
          null,
          1,
          5,
          5,
          null,
          5,
          3,
          null,
          2,
          null,
          null,
          null,
          1,
          14,
          null,
          12,
          8,
          null,
          8,
          null,
          4,
          null,
          null,
          null,
          1,
          3,
          null,
          1,
          null,
          1,
          null,
          null,
          1,
          null,
          1,
          33,
          null,
          null,
          1,
          41,
          null,
          null
        ]
      },
      "/home/roman/portfolio/items_api/app/controllers/concerns/users_policy.rb": {
        "lines": [
          1,
          null,
          1,
          null,
          1,
          4,
          4,
          2,
          null,
          null,
          1,
          3,
          3,
          2,
          null,
          null,
          1,
          20,
          20,
          11,
          null,
          null
        ]
      },
      "/home/roman/portfolio/items_api/app/models/token.rb": {
        "lines": [
          1,
          1,
          null
        ]
      },
      "/home/roman/portfolio/items_api/app/models/user_role.rb": {
        "lines": [
          1,
          1,
          1,
          null
        ]
      },
      "/home/roman/portfolio/items_api/app/models/role.rb": {
        "lines": [
          1,
          1,
          null,
          1,
          1,
          null
        ]
      }
    },
    "timestamp": 1630498378
  }
}
